<?xml version="1.0" encoding="UTF-8"?>
<!-- Generated by org.testng.reporters.JUnitXMLReporter -->
<testsuite ignored="0" hostname="DESKTOP-GUPA5RI" failures="0" tests="5" name="Default test" time="0.976" errors="0" timestamp="29 Jul. 2021 20:43:49 GMT">
  <testcase classname="com.qa.testRunner.TestRunner" name="feature" time="0.377"/>
  <testcase classname="com.qa.testRunner.TestRunner" name="feature" time="0.034"/>
  <testcase classname="com.qa.testRunner.TestRunner" name="feature" time="0.03"/>
  <testcase classname="com.qa.testRunner.TestRunner" name="feature" time="0.028"/>
  <testcase classname="com.qa.testRunner.TestRunner" name="feature" time="0.033"/>
</testsuite> <!-- Default test -->
