<?xml version="1.0" encoding="UTF-8"?>
<testng-results ignored="0" total="5" passed="5" failed="0" skipped="0">
  <reporter-output>
  </reporter-output>
  <suite started-at="2021-07-29T20:43:48Z" name="Default suite" finished-at="2021-07-29T20:43:49Z" duration-ms="976">
    <groups>
      <group name="cucumber">
        <method signature="TestRunner.feature(cucumber.api.testng.CucumberFeatureWrapper)[pri:0, instance:com.qa.testRunner.TestRunner@48d61b48]" name="feature" class="com.qa.testRunner.TestRunner"/>
      </group> <!-- cucumber -->
    </groups>
    <test started-at="2021-07-29T20:43:48Z" name="Default test" finished-at="2021-07-29T20:43:49Z" duration-ms="976">
      <class name="com.qa.testRunner.TestRunner">
        <test-method is-config="true" signature="setUpClass()[pri:0, instance:com.qa.testRunner.TestRunner@48d61b48]" started-at="2021-07-29T20:43:48Z" name="setUpClass" finished-at="2021-07-29T20:43:48Z" duration-ms="294" status="PASS">
          <reporter-output>
          </reporter-output>
        </test-method> <!-- setUpClass -->
        <test-method signature="feature(cucumber.api.testng.CucumberFeatureWrapper)[pri:0, instance:com.qa.testRunner.TestRunner@48d61b48]" started-at="2021-07-29T20:43:49Z" name="feature" description="Runs Cucumber Feature" data-provider="features" finished-at="2021-07-29T20:43:49Z" duration-ms="377" status="PASS">
          <params>
            <param index="0">
              <value>
                <![CDATA[user enters the number of fields and enters the payment information and he/she should be able to get the order confirmation.]]>
              </value>
            </param>
          </params>
          <reporter-output>
          </reporter-output>
        </test-method> <!-- feature -->
        <test-method signature="feature(cucumber.api.testng.CucumberFeatureWrapper)[pri:0, instance:com.qa.testRunner.TestRunner@48d61b48]" started-at="2021-07-29T20:43:49Z" name="feature" description="Runs Cucumber Feature" data-provider="features" finished-at="2021-07-29T20:43:49Z" duration-ms="34" status="PASS">
          <params>
            <param index="0">
              <value>
                <![CDATA[User should be able to select a product and brands]]>
              </value>
            </param>
          </params>
          <reporter-output>
          </reporter-output>
        </test-method> <!-- feature -->
        <test-method signature="feature(cucumber.api.testng.CucumberFeatureWrapper)[pri:0, instance:com.qa.testRunner.TestRunner@48d61b48]" started-at="2021-07-29T20:43:49Z" name="feature" description="Runs Cucumber Feature" data-provider="features" finished-at="2021-07-29T20:43:49Z" duration-ms="30" status="PASS">
          <params>
            <param index="0">
              <value>
                <![CDATA[Demo blaze login feature]]>
              </value>
            </param>
          </params>
          <reporter-output>
          </reporter-output>
        </test-method> <!-- feature -->
        <test-method signature="feature(cucumber.api.testng.CucumberFeatureWrapper)[pri:0, instance:com.qa.testRunner.TestRunner@48d61b48]" started-at="2021-07-29T20:43:49Z" name="feature" description="Runs Cucumber Feature" data-provider="features" finished-at="2021-07-29T20:43:49Z" duration-ms="28" status="PASS">
          <params>
            <param index="0">
              <value>
                <![CDATA[User should be able to add any desired product to the shopping cart]]>
              </value>
            </param>
          </params>
          <reporter-output>
          </reporter-output>
        </test-method> <!-- feature -->
        <test-method signature="feature(cucumber.api.testng.CucumberFeatureWrapper)[pri:0, instance:com.qa.testRunner.TestRunner@48d61b48]" started-at="2021-07-29T20:43:49Z" name="feature" description="Runs Cucumber Feature" data-provider="features" finished-at="2021-07-29T20:43:49Z" duration-ms="33" status="PASS">
          <params>
            <param index="0">
              <value>
                <![CDATA[user should be able delete the un-neccessary product if already be on cart and should be able to redirected to the personal info form]]>
              </value>
            </param>
          </params>
          <reporter-output>
          </reporter-output>
        </test-method> <!-- feature -->
        <test-method is-config="true" signature="tearDownClass()[pri:0, instance:com.qa.testRunner.TestRunner@48d61b48]" started-at="2021-07-29T20:43:49Z" name="tearDownClass" finished-at="2021-07-29T20:43:49Z" duration-ms="35" status="PASS">
          <reporter-output>
          </reporter-output>
        </test-method> <!-- tearDownClass -->
      </class> <!-- com.qa.testRunner.TestRunner -->
    </test> <!-- Default test -->
  </suite> <!-- Default suite -->
</testng-results>
